host: xb983
Building DAG of jobs...
Using shell: /usr/bin/bash
Provided cores: 12
Rules claiming more threads will be scaled down.
Job stats:
job              count
-------------  -------
all                  1
exec_notebook       10
total               11

Select jobs to execute...
Execute 10 jobs...

[Fri Feb 28 14:06:24 2025]
localrule exec_notebook:
    input: analysis/RQ2_WithError_Gradle_Energy_Profiles_Per_Task.ipynb, data/output_data/overview_daylight_noerror.csv, data/output_data/all_tasks_noerror.csv, data/output_data/overview_daylight_witherror.csv, data/output_data/all_tasks_witherror.csv
    output: analysis/result/RQ2_WithError_Gradle_Energy_Profiles_Per_Task.ipynb
    log: .snakemake/log/RQ2_WithError_Gradle_Energy_Profiles_Per_Task.log
    jobid: 4
    reason: Missing output files: analysis/result/RQ2_WithError_Gradle_Energy_Profiles_Per_Task.ipynb
    wildcards: notebook=RQ2_WithError_Gradle_Energy_Profiles_Per_Task
    resources: tmpdir=/tmp


[Fri Feb 28 14:06:24 2025]
localrule exec_notebook:
    input: analysis/RQ2_WithError_Gradle_Energy_Profile_Per_Category.ipynb, data/output_data/overview_daylight_noerror.csv, data/output_data/all_tasks_noerror.csv, data/output_data/overview_daylight_witherror.csv, data/output_data/all_tasks_witherror.csv
    output: analysis/result/RQ2_WithError_Gradle_Energy_Profile_Per_Category.ipynb
    log: .snakemake/log/RQ2_WithError_Gradle_Energy_Profile_Per_Category.log
    jobid: 12
    reason: Missing output files: analysis/result/RQ2_WithError_Gradle_Energy_Profile_Per_Category.ipynb
    wildcards: notebook=RQ2_WithError_Gradle_Energy_Profile_Per_Category
    resources: tmpdir=/tmp


[Fri Feb 28 14:06:24 2025]
localrule exec_notebook:
    input: analysis/RQ2_WithError_Maven_Energy_Profiles_Per_Task.ipynb, data/output_data/overview_daylight_noerror.csv, data/output_data/all_tasks_noerror.csv, data/output_data/overview_daylight_witherror.csv, data/output_data/all_tasks_witherror.csv
    output: analysis/result/RQ2_WithError_Maven_Energy_Profiles_Per_Task.ipynb
    log: .snakemake/log/RQ2_WithError_Maven_Energy_Profiles_Per_Task.log
    jobid: 9
    reason: Missing output files: analysis/result/RQ2_WithError_Maven_Energy_Profiles_Per_Task.ipynb
    wildcards: notebook=RQ2_WithError_Maven_Energy_Profiles_Per_Task
    resources: tmpdir=/tmp


[Fri Feb 28 14:06:24 2025]
localrule exec_notebook:
    input: analysis/RQ2_WithError_Maven_Energy_Profile_Per_Category.ipynb, data/output_data/overview_daylight_noerror.csv, data/output_data/all_tasks_noerror.csv, data/output_data/overview_daylight_witherror.csv, data/output_data/all_tasks_witherror.csv
    output: analysis/result/RQ2_WithError_Maven_Energy_Profile_Per_Category.ipynb
    log: .snakemake/log/RQ2_WithError_Maven_Energy_Profile_Per_Category.log
    jobid: 7
    reason: Missing output files: analysis/result/RQ2_WithError_Maven_Energy_Profile_Per_Category.ipynb
    wildcards: notebook=RQ2_WithError_Maven_Energy_Profile_Per_Category
    resources: tmpdir=/tmp


[Fri Feb 28 14:06:24 2025]
localrule exec_notebook:
    input: analysis/RQ2_NoError_Gradle_Energy_Profile_Per_Task.ipynb, data/output_data/overview_daylight_noerror.csv, data/output_data/all_tasks_noerror.csv, data/output_data/overview_daylight_witherror.csv, data/output_data/all_tasks_witherror.csv
    output: analysis/result/RQ2_NoError_Gradle_Energy_Profile_Per_Task.ipynb
    log: .snakemake/log/RQ2_NoError_Gradle_Energy_Profile_Per_Task.log
    jobid: 8
    reason: Missing output files: analysis/result/RQ2_NoError_Gradle_Energy_Profile_Per_Task.ipynb
    wildcards: notebook=RQ2_NoError_Gradle_Energy_Profile_Per_Task
    resources: tmpdir=/tmp


[Fri Feb 28 14:06:24 2025]
localrule exec_notebook:
    input: analysis/RQ1_NoError_Overall_Tasks_Energy.ipynb, data/output_data/overview_daylight_noerror.csv, data/output_data/all_tasks_noerror.csv, data/output_data/overview_daylight_witherror.csv, data/output_data/all_tasks_witherror.csv
    output: analysis/result/RQ1_NoError_Overall_Tasks_Energy.ipynb
    log: .snakemake/log/RQ1_NoError_Overall_Tasks_Energy.log
    jobid: 1
    reason: Missing output files: analysis/result/RQ1_NoError_Overall_Tasks_Energy.ipynb
    wildcards: notebook=RQ1_NoError_Overall_Tasks_Energy
    resources: tmpdir=/tmp


[Fri Feb 28 14:06:24 2025]
localrule exec_notebook:
    input: analysis/RQ2_NoError_Maven_Energy_Profile_Per_Task.ipynb, data/output_data/overview_daylight_noerror.csv, data/output_data/all_tasks_noerror.csv, data/output_data/overview_daylight_witherror.csv, data/output_data/all_tasks_witherror.csv
    output: analysis/result/RQ2_NoError_Maven_Energy_Profile_Per_Task.ipynb
    log: .snakemake/log/RQ2_NoError_Maven_Energy_Profile_Per_Task.log
    jobid: 11
    reason: Missing output files: analysis/result/RQ2_NoError_Maven_Energy_Profile_Per_Task.ipynb
    wildcards: notebook=RQ2_NoError_Maven_Energy_Profile_Per_Task
    resources: tmpdir=/tmp


[Fri Feb 28 14:06:24 2025]
localrule exec_notebook:
    input: analysis/RQ1_WithError_Overall_Tasks_Energy.ipynb, data/output_data/overview_daylight_noerror.csv, data/output_data/all_tasks_noerror.csv, data/output_data/overview_daylight_witherror.csv, data/output_data/all_tasks_witherror.csv
    output: analysis/result/RQ1_WithError_Overall_Tasks_Energy.ipynb
    log: .snakemake/log/RQ1_WithError_Overall_Tasks_Energy.log
    jobid: 5
    reason: Missing output files: analysis/result/RQ1_WithError_Overall_Tasks_Energy.ipynb
    wildcards: notebook=RQ1_WithError_Overall_Tasks_Energy
    resources: tmpdir=/tmp


[Fri Feb 28 14:06:24 2025]
localrule exec_notebook:
    input: analysis/RQ2_NoError_Gradle_Energy_Profile_Per_Category.ipynb, data/output_data/overview_daylight_noerror.csv, data/output_data/all_tasks_noerror.csv, data/output_data/overview_daylight_witherror.csv, data/output_data/all_tasks_witherror.csv
    output: analysis/result/RQ2_NoError_Gradle_Energy_Profile_Per_Category.ipynb
    log: .snakemake/log/RQ2_NoError_Gradle_Energy_Profile_Per_Category.log
    jobid: 6
    reason: Missing output files: analysis/result/RQ2_NoError_Gradle_Energy_Profile_Per_Category.ipynb
    wildcards: notebook=RQ2_NoError_Gradle_Energy_Profile_Per_Category
    resources: tmpdir=/tmp


[Fri Feb 28 14:06:24 2025]
localrule exec_notebook:
    input: analysis/RQ2_NoError_Maven_Energy_Profile_Per_Category.ipynb, data/output_data/overview_daylight_noerror.csv, data/output_data/all_tasks_noerror.csv, data/output_data/overview_daylight_witherror.csv, data/output_data/all_tasks_witherror.csv
    output: analysis/result/RQ2_NoError_Maven_Energy_Profile_Per_Category.ipynb
    log: .snakemake/log/RQ2_NoError_Maven_Energy_Profile_Per_Category.log
    jobid: 10
    reason: Missing output files: analysis/result/RQ2_NoError_Maven_Energy_Profile_Per_Category.ipynb
    wildcards: notebook=RQ2_NoError_Maven_Energy_Profile_Per_Category
    resources: tmpdir=/tmp

[Fri Feb 28 14:06:37 2025]
Finished job 6.
1 of 11 steps (9%) done
[Fri Feb 28 14:06:37 2025]
Finished job 12.
2 of 11 steps (18%) done
[Fri Feb 28 14:06:39 2025]
Finished job 5.
3 of 11 steps (27%) done
[Fri Feb 28 14:06:40 2025]
Finished job 1.
4 of 11 steps (36%) done
[Fri Feb 28 14:06:40 2025]
Finished job 4.
5 of 11 steps (45%) done
[Fri Feb 28 14:06:46 2025]
Finished job 8.
6 of 11 steps (55%) done
[Fri Feb 28 14:06:47 2025]
Finished job 7.
7 of 11 steps (64%) done
[Fri Feb 28 14:06:47 2025]
Finished job 10.
8 of 11 steps (73%) done
[Fri Feb 28 14:06:55 2025]
Finished job 9.
9 of 11 steps (82%) done
[Fri Feb 28 14:07:00 2025]
Finished job 11.
10 of 11 steps (91%) done
Select jobs to execute...
Execute 1 jobs...

[Fri Feb 28 14:07:00 2025]
localrule all:
    input: analysis/result/RQ1_NoError_Overall_Tasks_Energy.ipynb, analysis/result/RQ2_WithError_Gradle_Energy_Profiles_Per_Task.ipynb, analysis/result/RQ1_WithError_Overall_Tasks_Energy.ipynb, analysis/result/RQ2_NoError_Gradle_Energy_Profile_Per_Category.ipynb, analysis/result/RQ2_WithError_Maven_Energy_Profile_Per_Category.ipynb, analysis/result/RQ2_NoError_Gradle_Energy_Profile_Per_Task.ipynb, analysis/result/RQ2_WithError_Maven_Energy_Profiles_Per_Task.ipynb, analysis/result/RQ2_NoError_Maven_Energy_Profile_Per_Category.ipynb, analysis/result/RQ2_NoError_Maven_Energy_Profile_Per_Task.ipynb, analysis/result/RQ2_WithError_Gradle_Energy_Profile_Per_Category.ipynb, data/output_data/overview_daylight_witherror.csv, data/output_data/overview_daylight_noerror.csv, data/output_data/all_tasks_witherror.csv, data/output_data/all_tasks_noerror.csv
    jobid: 0
    reason: Input files updated by another job: analysis/result/RQ2_WithError_Maven_Energy_Profiles_Per_Task.ipynb, analysis/result/RQ2_WithError_Gradle_Energy_Profiles_Per_Task.ipynb, analysis/result/RQ2_WithError_Maven_Energy_Profile_Per_Category.ipynb, analysis/result/RQ2_NoError_Gradle_Energy_Profile_Per_Task.ipynb, analysis/result/RQ2_WithError_Gradle_Energy_Profile_Per_Category.ipynb, analysis/result/RQ1_NoError_Overall_Tasks_Energy.ipynb, analysis/result/RQ2_NoError_Gradle_Energy_Profile_Per_Category.ipynb, analysis/result/RQ2_NoError_Maven_Energy_Profile_Per_Task.ipynb, analysis/result/RQ2_NoError_Maven_Energy_Profile_Per_Category.ipynb, analysis/result/RQ1_WithError_Overall_Tasks_Energy.ipynb
    resources: tmpdir=/tmp

[Fri Feb 28 14:07:00 2025]
Finished job 0.
11 of 11 steps (100%) done
Complete log: .snakemake/log/2025-02-28T140624.921436.snakemake.log
